  AES_Decrypt.cpp
  AES_Encrypt.cpp
  CheckingInfo.cpp
  Create_AES_IV.cpp
  Create_AES_KEY.cpp
  FoundAccount.cpp
  MFC ClientDlg.cpp
c:\users\a_pp_\source\repos\infochecking program\mfc client\mfc client\checkinginfo.cpp(98): warning C4996: 'strcpy': This function or variable may be unsafe. Consider using strcpy_s instead. To disable deprecation, use _CRT_SECURE_NO_WARNINGS. See online help for details.
  c:\program files (x86)\windows kits\10\include\10.0.17763.0\ucrt\string.h(133): note: 'strcpy' 선언을 참조하십시오.
c:\users\a_pp_\source\repos\infochecking program\mfc client\mfc client\checkinginfo.cpp(99): warning C4996: 'strcpy': This function or variable may be unsafe. Consider using strcpy_s instead. To disable deprecation, use _CRT_SECURE_NO_WARNINGS. See online help for details.
  c:\program files (x86)\windows kits\10\include\10.0.17763.0\ucrt\string.h(133): note: 'strcpy' 선언을 참조하십시오.
c:\users\a_pp_\source\repos\infochecking program\mfc client\mfc client\checkinginfo.cpp(100): warning C4996: 'strcpy': This function or variable may be unsafe. Consider using strcpy_s instead. To disable deprecation, use _CRT_SECURE_NO_WARNINGS. See online help for details.
  c:\program files (x86)\windows kits\10\include\10.0.17763.0\ucrt\string.h(133): note: 'strcpy' 선언을 참조하십시오.
c:\users\a_pp_\source\repos\infochecking program\mfc client\mfc client\checkinginfo.cpp(101): warning C4996: 'strcpy': This function or variable may be unsafe. Consider using strcpy_s instead. To disable deprecation, use _CRT_SECURE_NO_WARNINGS. See online help for details.
  c:\program files (x86)\windows kits\10\include\10.0.17763.0\ucrt\string.h(133): note: 'strcpy' 선언을 참조하십시오.
c:\users\a_pp_\source\repos\infochecking program\mfc client\mfc client\checkinginfo.cpp(122): warning C4996: 'inet_addr': Use inet_pton() or InetPton() instead or define _WINSOCK_DEPRECATED_NO_WARNINGS to disable deprecated API warnings
  c:\program files (x86)\windows kits\10\include\10.0.17763.0\um\winsock2.h(1831): note: 'inet_addr' 선언을 참조하십시오.
  Register.cpp
  ResultIDFND.cpp
c:\users\a_pp_\source\repos\infochecking program\mfc client\mfc client\foundaccount.cpp(116): warning C4996: 'strcpy': This function or variable may be unsafe. Consider using strcpy_s instead. To disable deprecation, use _CRT_SECURE_NO_WARNINGS. See online help for details.
  c:\program files (x86)\windows kits\10\include\10.0.17763.0\ucrt\string.h(133): note: 'strcpy' 선언을 참조하십시오.
c:\users\a_pp_\source\repos\infochecking program\mfc client\mfc client\foundaccount.cpp(117): warning C4996: 'strcpy': This function or variable may be unsafe. Consider using strcpy_s instead. To disable deprecation, use _CRT_SECURE_NO_WARNINGS. See online help for details.
  c:\program files (x86)\windows kits\10\include\10.0.17763.0\ucrt\string.h(133): note: 'strcpy' 선언을 참조하십시오.
c:\users\a_pp_\source\repos\infochecking program\mfc client\mfc client\foundaccount.cpp(118): warning C4996: 'strcpy': This function or variable may be unsafe. Consider using strcpy_s instead. To disable deprecation, use _CRT_SECURE_NO_WARNINGS. See online help for details.
  c:\program files (x86)\windows kits\10\include\10.0.17763.0\ucrt\string.h(133): note: 'strcpy' 선언을 참조하십시오.
c:\users\a_pp_\source\repos\infochecking program\mfc client\mfc client\foundaccount.cpp(139): warning C4996: 'inet_addr': Use inet_pton() or InetPton() instead or define _WINSOCK_DEPRECATED_NO_WARNINGS to disable deprecated API warnings
  c:\program files (x86)\windows kits\10\include\10.0.17763.0\um\winsock2.h(1831): note: 'inet_addr' 선언을 참조하십시오.
c:\users\a_pp_\source\repos\infochecking program\mfc client\mfc client\foundaccount.cpp(260): warning C4996: 'strcpy': This function or variable may be unsafe. Consider using strcpy_s instead. To disable deprecation, use _CRT_SECURE_NO_WARNINGS. See online help for details.
  c:\program files (x86)\windows kits\10\include\10.0.17763.0\ucrt\string.h(133): note: 'strcpy' 선언을 참조하십시오.
c:\users\a_pp_\source\repos\infochecking program\mfc client\mfc client\foundaccount.cpp(261): warning C4996: 'strcpy': This function or variable may be unsafe. Consider using strcpy_s instead. To disable deprecation, use _CRT_SECURE_NO_WARNINGS. See online help for details.
  c:\program files (x86)\windows kits\10\include\10.0.17763.0\ucrt\string.h(133): note: 'strcpy' 선언을 참조하십시오.
c:\users\a_pp_\source\repos\infochecking program\mfc client\mfc client\foundaccount.cpp(338): warning C4996: 'strcpy': This function or variable may be unsafe. Consider using strcpy_s instead. To disable deprecation, use _CRT_SECURE_NO_WARNINGS. See online help for details.
  c:\program files (x86)\windows kits\10\include\10.0.17763.0\ucrt\string.h(133): note: 'strcpy' 선언을 참조하십시오.
c:\users\a_pp_\source\repos\infochecking program\mfc client\mfc client\foundaccount.cpp(282): warning C4996: 'inet_addr': Use inet_pton() or InetPton() instead or define _WINSOCK_DEPRECATED_NO_WARNINGS to disable deprecated API warnings
  c:\program files (x86)\windows kits\10\include\10.0.17763.0\um\winsock2.h(1831): note: 'inet_addr' 선언을 참조하십시오.
c:\users\a_pp_\source\repos\infochecking program\mfc client\mfc client\mfc clientdlg.cpp(243): warning C4996: 'strcpy': This function or variable may be unsafe. Consider using strcpy_s instead. To disable deprecation, use _CRT_SECURE_NO_WARNINGS. See online help for details.
  c:\program files (x86)\windows kits\10\include\10.0.17763.0\ucrt\string.h(133): note: 'strcpy' 선언을 참조하십시오.
c:\users\a_pp_\source\repos\infochecking program\mfc client\mfc client\mfc clientdlg.cpp(244): warning C4996: 'strcat': This function or variable may be unsafe. Consider using strcat_s instead. To disable deprecation, use _CRT_SECURE_NO_WARNINGS. See online help for details.
  c:\program files (x86)\windows kits\10\include\10.0.17763.0\ucrt\string.h(90): note: 'strcat' 선언을 참조하십시오.
c:\users\a_pp_\source\repos\infochecking program\mfc client\mfc client\mfc clientdlg.cpp(249): warning C4996: 'strcpy': This function or variable may be unsafe. Consider using strcpy_s instead. To disable deprecation, use _CRT_SECURE_NO_WARNINGS. See online help for details.
  c:\program files (x86)\windows kits\10\include\10.0.17763.0\ucrt\string.h(133): note: 'strcpy' 선언을 참조하십시오.
c:\users\a_pp_\source\repos\infochecking program\mfc client\mfc client\mfc clientdlg.cpp(250): warning C4996: 'strcpy': This function or variable may be unsafe. Consider using strcpy_s instead. To disable deprecation, use _CRT_SECURE_NO_WARNINGS. See online help for details.
  c:\program files (x86)\windows kits\10\include\10.0.17763.0\ucrt\string.h(133): note: 'strcpy' 선언을 참조하십시오.
c:\users\a_pp_\source\repos\infochecking program\mfc client\mfc client\mfc clientdlg.cpp(212): warning C4996: 'inet_addr': Use inet_pton() or InetPton() instead or define _WINSOCK_DEPRECATED_NO_WARNINGS to disable deprecated API warnings
  c:\program files (x86)\windows kits\10\include\10.0.17763.0\um\winsock2.h(1831): note: 'inet_addr' 선언을 참조하십시오.
  ResultPWFND.cpp
  SHA256.cpp
c:\users\a_pp_\source\repos\infochecking program\mfc client\mfc client\register.cpp(89): warning C4996: 'strcpy': This function or variable may be unsafe. Consider using strcpy_s instead. To disable deprecation, use _CRT_SECURE_NO_WARNINGS. See online help for details.
  c:\program files (x86)\windows kits\10\include\10.0.17763.0\ucrt\string.h(133): note: 'strcpy' 선언을 참조하십시오.
c:\users\a_pp_\source\repos\infochecking program\mfc client\mfc client\register.cpp(90): warning C4996: 'strcat': This function or variable may be unsafe. Consider using strcat_s instead. To disable deprecation, use _CRT_SECURE_NO_WARNINGS. See online help for details.
  c:\program files (x86)\windows kits\10\include\10.0.17763.0\ucrt\string.h(90): note: 'strcat' 선언을 참조하십시오.
c:\users\a_pp_\source\repos\infochecking program\mfc client\mfc client\register.cpp(94): warning C4996: 'strcpy': This function or variable may be unsafe. Consider using strcpy_s instead. To disable deprecation, use _CRT_SECURE_NO_WARNINGS. See online help for details.
  c:\program files (x86)\windows kits\10\include\10.0.17763.0\ucrt\string.h(133): note: 'strcpy' 선언을 참조하십시오.
c:\users\a_pp_\source\repos\infochecking program\mfc client\mfc client\register.cpp(95): warning C4996: 'strcat': This function or variable may be unsafe. Consider using strcat_s instead. To disable deprecation, use _CRT_SECURE_NO_WARNINGS. See online help for details.
  c:\program files (x86)\windows kits\10\include\10.0.17763.0\ucrt\string.h(90): note: 'strcat' 선언을 참조하십시오.
c:\users\a_pp_\source\repos\infochecking program\mfc client\mfc client\register.cpp(157): warning C4996: 'strcpy': This function or variable may be unsafe. Consider using strcpy_s instead. To disable deprecation, use _CRT_SECURE_NO_WARNINGS. See online help for details.
  c:\program files (x86)\windows kits\10\include\10.0.17763.0\ucrt\string.h(133): note: 'strcpy' 선언을 참조하십시오.
c:\users\a_pp_\source\repos\infochecking program\mfc client\mfc client\register.cpp(158): warning C4996: 'strcpy': This function or variable may be unsafe. Consider using strcpy_s instead. To disable deprecation, use _CRT_SECURE_NO_WARNINGS. See online help for details.
  c:\program files (x86)\windows kits\10\include\10.0.17763.0\ucrt\string.h(133): note: 'strcpy' 선언을 참조하십시오.
c:\users\a_pp_\source\repos\infochecking program\mfc client\mfc client\register.cpp(159): warning C4996: 'strcpy': This function or variable may be unsafe. Consider using strcpy_s instead. To disable deprecation, use _CRT_SECURE_NO_WARNINGS. See online help for details.
  c:\program files (x86)\windows kits\10\include\10.0.17763.0\ucrt\string.h(133): note: 'strcpy' 선언을 참조하십시오.
c:\users\a_pp_\source\repos\infochecking program\mfc client\mfc client\register.cpp(160): warning C4996: 'strcpy': This function or variable may be unsafe. Consider using strcpy_s instead. To disable deprecation, use _CRT_SECURE_NO_WARNINGS. See online help for details.
  c:\program files (x86)\windows kits\10\include\10.0.17763.0\ucrt\string.h(133): note: 'strcpy' 선언을 참조하십시오.
c:\users\a_pp_\source\repos\infochecking program\mfc client\mfc client\register.cpp(161): warning C4996: 'strcpy': This function or variable may be unsafe. Consider using strcpy_s instead. To disable deprecation, use _CRT_SECURE_NO_WARNINGS. See online help for details.
  c:\program files (x86)\windows kits\10\include\10.0.17763.0\ucrt\string.h(133): note: 'strcpy' 선언을 참조하십시오.
c:\users\a_pp_\source\repos\infochecking program\mfc client\mfc client\register.cpp(112): warning C4996: 'stricmp': The POSIX name for this item is deprecated. Instead, use the ISO C and C++ conformant name: _stricmp. See online help for details.
  c:\program files (x86)\windows kits\10\include\10.0.17763.0\ucrt\string.h(549): note: 'stricmp' 선언을 참조하십시오.
c:\users\a_pp_\source\repos\infochecking program\mfc client\mfc client\register.cpp(137): warning C4996: 'inet_addr': Use inet_pton() or InetPton() instead or define _WINSOCK_DEPRECATED_NO_WARNINGS to disable deprecated API warnings
  c:\program files (x86)\windows kits\10\include\10.0.17763.0\um\winsock2.h(1831): note: 'inet_addr' 선언을 참조하십시오.
c:\users\a_pp_\source\repos\infochecking program\mfc client\mfc client\register.cpp(320): warning C4996: 'strcpy': This function or variable may be unsafe. Consider using strcpy_s instead. To disable deprecation, use _CRT_SECURE_NO_WARNINGS. See online help for details.
  c:\program files (x86)\windows kits\10\include\10.0.17763.0\ucrt\string.h(133): note: 'strcpy' 선언을 참조하십시오.
c:\users\a_pp_\source\repos\infochecking program\mfc client\mfc client\register.cpp(290): warning C4996: 'inet_addr': Use inet_pton() or InetPton() instead or define _WINSOCK_DEPRECATED_NO_WARNINGS to disable deprecated API warnings
  c:\program files (x86)\windows kits\10\include\10.0.17763.0\um\winsock2.h(1831): note: 'inet_addr' 선언을 참조하십시오.
c:\users\a_pp_\source\repos\infochecking program\mfc client\mfc client\register.cpp(314): warning C4101: 'len' :참조되지 않은 지역 변수입니다.
  recv_Struct.cpp
c:\users\a_pp_\source\repos\infochecking program\mfc client\mfc client\resultpwfnd.cpp(72): warning C4996: 'strcpy': This function or variable may be unsafe. Consider using strcpy_s instead. To disable deprecation, use _CRT_SECURE_NO_WARNINGS. See online help for details.
  c:\program files (x86)\windows kits\10\include\10.0.17763.0\ucrt\string.h(133): note: 'strcpy' 선언을 참조하십시오.
c:\users\a_pp_\source\repos\infochecking program\mfc client\mfc client\resultpwfnd.cpp(73): warning C4996: 'strcat': This function or variable may be unsafe. Consider using strcat_s instead. To disable deprecation, use _CRT_SECURE_NO_WARNINGS. See online help for details.
  c:\program files (x86)\windows kits\10\include\10.0.17763.0\ucrt\string.h(90): note: 'strcat' 선언을 참조하십시오.
c:\users\a_pp_\source\repos\infochecking program\mfc client\mfc client\resultpwfnd.cpp(77): warning C4996: 'strcpy': This function or variable may be unsafe. Consider using strcpy_s instead. To disable deprecation, use _CRT_SECURE_NO_WARNINGS. See online help for details.
  c:\program files (x86)\windows kits\10\include\10.0.17763.0\ucrt\string.h(133): note: 'strcpy' 선언을 참조하십시오.
c:\users\a_pp_\source\repos\infochecking program\mfc client\mfc client\resultpwfnd.cpp(78): warning C4996: 'strcat': This function or variable may be unsafe. Consider using strcat_s instead. To disable deprecation, use _CRT_SECURE_NO_WARNINGS. See online help for details.
  c:\program files (x86)\windows kits\10\include\10.0.17763.0\ucrt\string.h(90): note: 'strcat' 선언을 참조하십시오.
c:\users\a_pp_\source\repos\infochecking program\mfc client\mfc client\resultpwfnd.cpp(94): warning C4996: 'strcpy': This function or variable may be unsafe. Consider using strcpy_s instead. To disable deprecation, use _CRT_SECURE_NO_WARNINGS. See online help for details.
  c:\program files (x86)\windows kits\10\include\10.0.17763.0\ucrt\string.h(133): note: 'strcpy' 선언을 참조하십시오.
c:\users\a_pp_\source\repos\infochecking program\mfc client\mfc client\resultpwfnd.cpp(95): warning C4996: 'strcpy': This function or variable may be unsafe. Consider using strcpy_s instead. To disable deprecation, use _CRT_SECURE_NO_WARNINGS. See online help for details.
  c:\program files (x86)\windows kits\10\include\10.0.17763.0\ucrt\string.h(133): note: 'strcpy' 선언을 참조하십시오.
c:\users\a_pp_\source\repos\infochecking program\mfc client\mfc client\resultpwfnd.cpp(96): warning C4996: 'strcpy': This function or variable may be unsafe. Consider using strcpy_s instead. To disable deprecation, use _CRT_SECURE_NO_WARNINGS. See online help for details.
  c:\program files (x86)\windows kits\10\include\10.0.17763.0\ucrt\string.h(133): note: 'strcpy' 선언을 참조하십시오.
c:\users\a_pp_\source\repos\infochecking program\mfc client\mfc client\resultpwfnd.cpp(91): warning C4996: 'stricmp': The POSIX name for this item is deprecated. Instead, use the ISO C and C++ conformant name: _stricmp. See online help for details.
  c:\program files (x86)\windows kits\10\include\10.0.17763.0\ucrt\string.h(549): note: 'stricmp' 선언을 참조하십시오.
c:\users\a_pp_\source\repos\infochecking program\mfc client\mfc client\resultpwfnd.cpp(117): warning C4996: 'inet_addr': Use inet_pton() or InetPton() instead or define _WINSOCK_DEPRECATED_NO_WARNINGS to disable deprecated API warnings
  c:\program files (x86)\windows kits\10\include\10.0.17763.0\um\winsock2.h(1831): note: 'inet_addr' 선언을 참조하십시오.
c:\users\a_pp_\source\repos\infochecking program\mfc client\mfc client\recv_struct.cpp(5): warning C4101: 'len' :참조되지 않은 지역 변수입니다.
  코드를 생성하고 있습니다.
  19 of 1125 functions ( 1.7%) were compiled, the rest were copied from previous compilation.
    1 functions were new in current compilation
    10 functions had inline decision re-evaluated but remain unchanged
  코드를 생성했습니다.
  MFC Client.vcxproj -> C:\Users\a_pp_\source\repos\InfoChecking Program\MFC Client\x64\Release\MFC Client.exe
