c:\users\a_pp_\source\repos\mfc client\mfc client\x64\release\vc141.pdb
c:\users\a_pp_\source\repos\mfc client\mfc client\x64\release\successlogin.obj
c:\users\a_pp_\source\repos\mfc client\mfc client\x64\release\sha256.obj
c:\users\a_pp_\source\repos\mfc client\mfc client\x64\release\register.obj
c:\users\a_pp_\source\repos\mfc client\mfc client\x64\release\recv_struct.obj
c:\users\a_pp_\source\repos\mfc client\mfc client\x64\release\mfc clientdlg.obj
c:\users\a_pp_\source\repos\mfc client\mfc client\x64\release\mfc client.obj
c:\users\a_pp_\source\repos\mfc client\mfc client\x64\release\checkinginfo.obj
c:\users\a_pp_\source\repos\mfc client\mfc client\x64\release\foundaccount.obj
c:\users\a_pp_\source\repos\mfc client\mfc client\x64\release\resultidfnd.obj
c:\users\a_pp_\source\repos\mfc client\mfc client\x64\release\resultpwfnd.obj
c:\users\a_pp_\source\repos\mfc client\mfc client\x64\release\aes_encrypt.obj
c:\users\a_pp_\source\repos\mfc client\mfc client\x64\release\aes_decrypt.obj
c:\users\a_pp_\source\repos\mfc client\mfc client\x64\release\create_aes_key.obj
c:\users\a_pp_\source\repos\mfc client\mfc client\x64\release\create_aes_iv.obj
c:\users\a_pp_\source\repos\mfc client\mfc client\x64\release\mfc client.pch
c:\users\a_pp_\source\repos\mfc client\mfc client\x64\release\stdafx.obj
c:\users\a_pp_\source\repos\mfc client\x64\release\mfc client.exe
c:\users\a_pp_\source\repos\mfc client\x64\release\mfc client.pdb
c:\users\a_pp_\source\repos\mfc client\x64\release\mfc client.ipdb
c:\users\a_pp_\source\repos\mfc client\x64\release\mfc client.iobj
c:\users\a_pp_\source\repos\mfc client\mfc client\x64\release\mfcclient.res
c:\users\a_pp_\source\repos\mfc client\mfc client\x64\release\mfc client.tlog\cl.command.1.tlog
c:\users\a_pp_\source\repos\mfc client\mfc client\x64\release\mfc client.tlog\cl.read.1.tlog
c:\users\a_pp_\source\repos\mfc client\mfc client\x64\release\mfc client.tlog\cl.write.1.tlog
c:\users\a_pp_\source\repos\mfc client\mfc client\x64\release\mfc client.tlog\link-cvtres.read.1.tlog
c:\users\a_pp_\source\repos\mfc client\mfc client\x64\release\mfc client.tlog\link-cvtres.write.1.tlog
c:\users\a_pp_\source\repos\mfc client\mfc client\x64\release\mfc client.tlog\link-mt.read.1.tlog
c:\users\a_pp_\source\repos\mfc client\mfc client\x64\release\mfc client.tlog\link-mt.write.1.tlog
c:\users\a_pp_\source\repos\mfc client\mfc client\x64\release\mfc client.tlog\link-rc.read.1.tlog
c:\users\a_pp_\source\repos\mfc client\mfc client\x64\release\mfc client.tlog\link-rc.write.1.tlog
c:\users\a_pp_\source\repos\mfc client\mfc client\x64\release\mfc client.tlog\link.command.1.tlog
c:\users\a_pp_\source\repos\mfc client\mfc client\x64\release\mfc client.tlog\link.read.1.tlog
c:\users\a_pp_\source\repos\mfc client\mfc client\x64\release\mfc client.tlog\link.write.1.tlog
c:\users\a_pp_\source\repos\mfc client\mfc client\x64\release\mfc client.tlog\mfc client.write.1u.tlog
c:\users\a_pp_\source\repos\mfc client\mfc client\x64\release\mfc client.tlog\rc.command.1.tlog
c:\users\a_pp_\source\repos\mfc client\mfc client\x64\release\mfc client.tlog\rc.read.1.tlog
c:\users\a_pp_\source\repos\mfc client\mfc client\x64\release\mfc client.tlog\rc.write.1.tlog
