  CheckingInfo.cpp
c:\users\a_pp_\source\repos\mfc client\mfc client\checkinginfo.cpp(99): warning C4996: 'strcpy': This function or variable may be unsafe. Consider using strcpy_s instead. To disable deprecation, use _CRT_SECURE_NO_WARNINGS. See online help for details.
  c:\program files (x86)\windows kits\10\include\10.0.17763.0\ucrt\string.h(133): note: 'strcpy' 선언을 참조하십시오.
c:\users\a_pp_\source\repos\mfc client\mfc client\checkinginfo.cpp(100): warning C4996: 'strcpy': This function or variable may be unsafe. Consider using strcpy_s instead. To disable deprecation, use _CRT_SECURE_NO_WARNINGS. See online help for details.
  c:\program files (x86)\windows kits\10\include\10.0.17763.0\ucrt\string.h(133): note: 'strcpy' 선언을 참조하십시오.
c:\users\a_pp_\source\repos\mfc client\mfc client\checkinginfo.cpp(101): warning C4996: 'strcpy': This function or variable may be unsafe. Consider using strcpy_s instead. To disable deprecation, use _CRT_SECURE_NO_WARNINGS. See online help for details.
  c:\program files (x86)\windows kits\10\include\10.0.17763.0\ucrt\string.h(133): note: 'strcpy' 선언을 참조하십시오.
c:\users\a_pp_\source\repos\mfc client\mfc client\checkinginfo.cpp(102): warning C4996: 'strcpy': This function or variable may be unsafe. Consider using strcpy_s instead. To disable deprecation, use _CRT_SECURE_NO_WARNINGS. See online help for details.
  c:\program files (x86)\windows kits\10\include\10.0.17763.0\ucrt\string.h(133): note: 'strcpy' 선언을 참조하십시오.
c:\users\a_pp_\source\repos\mfc client\mfc client\checkinginfo.cpp(123): warning C4996: 'inet_addr': Use inet_pton() or InetPton() instead or define _WINSOCK_DEPRECATED_NO_WARNINGS to disable deprecated API warnings
  c:\program files (x86)\windows kits\10\include\10.0.17763.0\um\winsock2.h(1831): note: 'inet_addr' 선언을 참조하십시오.
  MFC Client.cpp
  MFC ClientDlg.cpp
c:\users\a_pp_\source\repos\mfc client\mfc client\mfc clientdlg.cpp(210): warning C4996: 'inet_addr': Use inet_pton() or InetPton() instead or define _WINSOCK_DEPRECATED_NO_WARNINGS to disable deprecated API warnings
  c:\program files (x86)\windows kits\10\include\10.0.17763.0\um\winsock2.h(1831): note: 'inet_addr' 선언을 참조하십시오.
c:\users\a_pp_\source\repos\mfc client\mfc client\mfc clientdlg.cpp(291): warning C4996: 'strcpy': This function or variable may be unsafe. Consider using strcpy_s instead. To disable deprecation, use _CRT_SECURE_NO_WARNINGS. See online help for details.
  c:\program files (x86)\windows kits\10\include\10.0.17763.0\ucrt\string.h(133): note: 'strcpy' 선언을 참조하십시오.
c:\users\a_pp_\source\repos\mfc client\mfc client\mfc clientdlg.cpp(292): warning C4996: 'strcpy': This function or variable may be unsafe. Consider using strcpy_s instead. To disable deprecation, use _CRT_SECURE_NO_WARNINGS. See online help for details.
  c:\program files (x86)\windows kits\10\include\10.0.17763.0\ucrt\string.h(133): note: 'strcpy' 선언을 참조하십시오.
  Register.cpp
c:\users\a_pp_\source\repos\mfc client\mfc client\register.cpp(94): warning C4996: 'strcpy': This function or variable may be unsafe. Consider using strcpy_s instead. To disable deprecation, use _CRT_SECURE_NO_WARNINGS. See online help for details.
  c:\program files (x86)\windows kits\10\include\10.0.17763.0\ucrt\string.h(133): note: 'strcpy' 선언을 참조하십시오.
c:\users\a_pp_\source\repos\mfc client\mfc client\register.cpp(95): warning C4996: 'strcpy': This function or variable may be unsafe. Consider using strcpy_s instead. To disable deprecation, use _CRT_SECURE_NO_WARNINGS. See online help for details.
  c:\program files (x86)\windows kits\10\include\10.0.17763.0\ucrt\string.h(133): note: 'strcpy' 선언을 참조하십시오.
c:\users\a_pp_\source\repos\mfc client\mfc client\register.cpp(96): warning C4996: 'strcpy': This function or variable may be unsafe. Consider using strcpy_s instead. To disable deprecation, use _CRT_SECURE_NO_WARNINGS. See online help for details.
  c:\program files (x86)\windows kits\10\include\10.0.17763.0\ucrt\string.h(133): note: 'strcpy' 선언을 참조하십시오.
c:\users\a_pp_\source\repos\mfc client\mfc client\register.cpp(97): warning C4996: 'strcpy': This function or variable may be unsafe. Consider using strcpy_s instead. To disable deprecation, use _CRT_SECURE_NO_WARNINGS. See online help for details.
  c:\program files (x86)\windows kits\10\include\10.0.17763.0\ucrt\string.h(133): note: 'strcpy' 선언을 참조하십시오.
c:\users\a_pp_\source\repos\mfc client\mfc client\register.cpp(98): warning C4996: 'strcpy': This function or variable may be unsafe. Consider using strcpy_s instead. To disable deprecation, use _CRT_SECURE_NO_WARNINGS. See online help for details.
  c:\program files (x86)\windows kits\10\include\10.0.17763.0\ucrt\string.h(133): note: 'strcpy' 선언을 참조하십시오.
c:\users\a_pp_\source\repos\mfc client\mfc client\register.cpp(120): warning C4996: 'inet_addr': Use inet_pton() or InetPton() instead or define _WINSOCK_DEPRECATED_NO_WARNINGS to disable deprecated API warnings
  c:\program files (x86)\windows kits\10\include\10.0.17763.0\um\winsock2.h(1831): note: 'inet_addr' 선언을 참조하십시오.
c:\users\a_pp_\source\repos\mfc client\mfc client\register.cpp(60): warning C4101: 'retval' :참조되지 않은 지역 변수입니다.
c:\users\a_pp_\source\repos\mfc client\mfc client\register.cpp(208): warning C4996: 'inet_addr': Use inet_pton() or InetPton() instead or define _WINSOCK_DEPRECATED_NO_WARNINGS to disable deprecated API warnings
  c:\program files (x86)\windows kits\10\include\10.0.17763.0\um\winsock2.h(1831): note: 'inet_addr' 선언을 참조하십시오.
c:\users\a_pp_\source\repos\mfc client\mfc client\register.cpp(238): warning C4996: 'strcpy': This function or variable may be unsafe. Consider using strcpy_s instead. To disable deprecation, use _CRT_SECURE_NO_WARNINGS. See online help for details.
  c:\program files (x86)\windows kits\10\include\10.0.17763.0\ucrt\string.h(133): note: 'strcpy' 선언을 참조하십시오.
c:\users\a_pp_\source\repos\mfc client\mfc client\register.cpp(232): warning C4101: 'len' :참조되지 않은 지역 변수입니다.
  SuccessLogin.cpp
  코드를 생성하고 있습니다...
  MFC Client.vcxproj -> C:\Users\a_pp_\source\repos\MFC Client\Debug\MFC Client.exe
